<?xml version="1.0" encoding="UTF-8"?>
<!-- Generated by org.testng.reporters.JUnitReportReporter -->
<testsuite hostname="Maddy-PC" name="test.naukri.com.Naukri_Testd" tests="1" failures="0" timestamp="25 Nov 2016 15:45:10 GMT" time="40.241" errors="0">
  <testcase name="appTest" time="40.241" classname="test.naukri.com.Naukri_Testd"/>
</testsuite> <!-- test.naukri.com.Naukri_Testd -->
