<?xml version="1.0" encoding="UTF-8"?>
<!-- Generated by org.testng.reporters.JUnitReportReporter -->
<testsuite hostname="Maddy.local" failures="0" tests="3" name="com.naukri.test.naukri_test" time="80.253" errors="0" timestamp="30 Jan 2018 05:53:22 GMT" skipped="0">
  <testcase classname="com.naukri.test.naukri_test" name="updateFlow" time="4.031"/>
  <testcase classname="com.naukri.test.naukri_test" name="loginFlow" time="25.845"/>
  <testcase classname="com.naukri.test.naukri_test" name="homepageFlow" time="50.377"/>
</testsuite> <!-- com.naukri.test.naukri_test -->
