<?xml version="1.0" encoding="UTF-8"?>
<!-- Generated by org.testng.reporters.JUnitReportReporter -->
<testsuite hostname="Maddy-PC" name="test.naukri.com.naukri_test" tests="3" failures="0" timestamp="25 Nov 2016 16:30:28 GMT" time="25.249" errors="0">
  <testcase name="loginFlow" time="7.684" classname="test.naukri.com.naukri_test"/>
  <testcase name="homepageFlow" time="0.432" classname="test.naukri.com.naukri_test"/>
  <testcase name="updateFlow" time="17.133" classname="test.naukri.com.naukri_test"/>
</testsuite> <!-- test.naukri.com.naukri_test -->
